<?xml version="1.0" encoding="UTF-8"?>
<!-- Generated by org.testng.reporters.JUnitReportReporter -->
<testsuite hostname="DESKTOP-CBAH624" failures="0" tests="1" name="com.Neostox.Base.BasePage" time="0.016" errors="0" timestamp="26 Jan 2023 03:30:44 GMT" skipped="0">
  <testcase classname="com.Neostox.Base.BasePage" name="test1" time="0.016"/>
</testsuite> <!-- com.Neostox.Base.BasePage -->
