<?xml version="1.0" encoding="UTF-8"?>
<!-- Generated by org.testng.reporters.JUnitReportReporter -->
<testsuite hostname="DESKTOP-CBAH624" failures="0" tests="1" name="com.NeoStox.RegressionSuite.LoginPageTest" time="7.059" errors="0" timestamp="28 Jan 2023 02:36:19 GMT" skipped="0">
  <testcase classname="com.NeoStox.RegressionSuite.LoginPageTest" name="ValiduserLogin" time="7.059"/>
</testsuite> <!-- com.NeoStox.RegressionSuite.LoginPageTest -->
