<?xml version="1.0" encoding="UTF-8"?>
<!-- Generated by org.testng.reporters.JUnitReportReporter -->
<testsuite hostname="DESKTOP-CBAH624" failures="0" tests="1" name="com.NeoStox.TestCases.LoginPageTest" time="0.094" errors="0" timestamp="01 Feb 2023 04:18:07 GMT" skipped="0">
  <testcase classname="com.NeoStox.TestCases.LoginPageTest" name="ValiduserLogin" time="0.094"/>
</testsuite> <!-- com.NeoStox.TestCases.LoginPageTest -->
