<?xml version="1.0" encoding="UTF-8"?>
<!-- Generated by org.testng.reporters.JUnitReportReporter -->
<testsuite hostname="DESKTOP-CBAH624" failures="0" tests="2" name="com.NeoStox.RegressionSuite.DashboardPageTest" time="2.249" errors="0" timestamp="28 Jan 2023 03:30:42 GMT" skipped="0">
  <testcase classname="com.NeoStox.RegressionSuite.DashboardPageTest" name="watchlist" time="1.323"/>
  <testcase classname="com.NeoStox.RegressionSuite.DashboardPageTest" name="ExpandAndCollapse" time="0.926"/>
</testsuite> <!-- com.NeoStox.RegressionSuite.DashboardPageTest -->
